<?xml version="1.0" encoding="UTF-8"?>
<testng-results ignored="0" total="1" passed="1" failed="0" skipped="0">
  <reporter-output>
  </reporter-output>
  <suite started-at="2024-05-26T20:49:29Z" name="Surefire suite" finished-at="2024-05-26T20:49:30Z" duration-ms="844">
    <groups>
    </groups>
    <test started-at="2024-05-26T20:49:29Z" name="Surefire test" finished-at="2024-05-26T20:49:30Z" duration-ms="844">
      <class name="Selenium.Test_Selenium.AppTest">
        <test-method signature="shouldAnswerWithTrue()" started-at="2024-05-27T02:19:30Z" name="shouldAnswerWithTrue" finished-at="2024-05-27T02:19:30Z" duration-ms="137" status="PASS">
          <reporter-output>
          </reporter-output>
        </test-method> <!-- shouldAnswerWithTrue -->
      </class> <!-- Selenium.Test_Selenium.AppTest -->
    </test> <!-- Surefire test -->
  </suite> <!-- Surefire suite -->
</testng-results>
